<?xml version="1.0" encoding="UTF-8"?>
<!-- Generated by org.testng.reporters.JUnitReportReporter -->
<testsuite hostname="Shivam" name="testcases.VerifyHomePage" tests="1" failures="0" timestamp="24 Aug 2018 17:14:32 GMT" time="22.245" errors="0">
  <testcase name="testHomePage" time="22.245" classname="testcases.VerifyHomePage"/>
</testsuite> <!-- testcases.VerifyHomePage -->
