<?xml version="1.0" encoding="UTF-8"?>
<!-- Generated by org.testng.reporters.JUnitReportReporter -->
<testsuite hostname="Shivam" name="testcases.VerifyLoginPage" tests="1" failures="0" timestamp="31 Aug 2018 16:12:39 GMT" time="253.409" errors="0">
  <testcase name="testLoginPage" time="253.409" classname="testcases.VerifyLoginPage"/>
</testsuite> <!-- testcases.VerifyLoginPage -->
